Info: Starting: Create block symbol file (.bsf)
Info: qsys-generate C:\Altera\Alteraprj\devkit_hello_world\nios_setup_v2.qsys --block-symbol-file --output-directory=C:\Altera\Alteraprj\devkit_hello_world\nios_setup_v2 --family="MAX 10" --part=10M50DAF484C6GES
Progress: Loading devkit_hello_world/nios_setup_v2.qsys
Progress: Reading input file
Progress: Adding clk_0 [clock_source 17.1]
Progress: Parameterizing module clk_0
Progress: Adding key [altera_avalon_pio 17.1]
Progress: Parameterizing module key
Progress: Adding led [altera_avalon_pio 17.1]
Progress: Parameterizing module led
Progress: Adding nios2e [altera_nios2_gen2 17.1]
Progress: Parameterizing module nios2e
Progress: Adding onchip_memory [altera_avalon_onchip_memory2 17.1]
Progress: Parameterizing module onchip_memory
Progress: Adding switch [altera_avalon_pio 17.1]
Progress: Parameterizing module switch
Progress: Adding uart [altera_avalon_jtag_uart 17.1]
Progress: Parameterizing module uart
Progress: Building connections
Progress: Parameterizing connections
Progress: Validating
Progress: Done reading input file
Info: nios_setup_v2.key: PIO inputs are not hardwired in test bench. Undefined values will be read from PIO inputs during simulation.
Info: nios_setup_v2.switch: PIO inputs are not hardwired in test bench. Undefined values will be read from PIO inputs during simulation.
Info: nios_setup_v2.uart: JTAG UART IP input clock need to be at least double (2x) the operating frequency of JTAG TCK on board
Info: qsys-generate succeeded.
Info: Finished: Create block symbol file (.bsf)
Info: 
Info: Starting: Create HDL design files for synthesis
Info: qsys-generate C:\Altera\Alteraprj\devkit_hello_world\nios_setup_v2.qsys --synthesis=VERILOG --output-directory=C:\Altera\Alteraprj\devkit_hello_world\nios_setup_v2\synthesis --family="MAX 10" --part=10M50DAF484C6GES
Progress: Loading devkit_hello_world/nios_setup_v2.qsys
Progress: Reading input file
Progress: Adding clk_0 [clock_source 17.1]
Progress: Parameterizing module clk_0
Progress: Adding key [altera_avalon_pio 17.1]
Progress: Parameterizing module key
Progress: Adding led [altera_avalon_pio 17.1]
Progress: Parameterizing module led
Progress: Adding nios2e [altera_nios2_gen2 17.1]
Progress: Parameterizing module nios2e
Progress: Adding onchip_memory [altera_avalon_onchip_memory2 17.1]
Progress: Parameterizing module onchip_memory
Progress: Adding switch [altera_avalon_pio 17.1]
Progress: Parameterizing module switch
Progress: Adding uart [altera_avalon_jtag_uart 17.1]
Progress: Parameterizing module uart
Progress: Building connections
Progress: Parameterizing connections
Progress: Validating
Progress: Done reading input file
Info: nios_setup_v2.key: PIO inputs are not hardwired in test bench. Undefined values will be read from PIO inputs during simulation.
Info: nios_setup_v2.switch: PIO inputs are not hardwired in test bench. Undefined values will be read from PIO inputs during simulation.
Info: nios_setup_v2.uart: JTAG UART IP input clock need to be at least double (2x) the operating frequency of JTAG TCK on board
Info: nios_setup_v2: Generating nios_setup_v2 "nios_setup_v2" for QUARTUS_SYNTH
Info: key: Starting RTL generation for module 'nios_setup_v2_key'
Info: key:   Generation command is [exec C:/intelfpga_lite/17.1/quartus/bin64/perl/bin/perl.exe -I C:/intelfpga_lite/17.1/quartus/bin64/perl/lib -I C:/intelfpga_lite/17.1/quartus/sopc_builder/bin/europa -I C:/intelfpga_lite/17.1/quartus/sopc_builder/bin/perl_lib -I C:/intelfpga_lite/17.1/quartus/sopc_builder/bin -I C:/intelfpga_lite/17.1/quartus/../ip/altera/sopc_builder_ip/common -I C:/intelfpga_lite/17.1/quartus/../ip/altera/sopc_builder_ip/altera_avalon_pio -- C:/intelfpga_lite/17.1/quartus/../ip/altera/sopc_builder_ip/altera_avalon_pio/generate_rtl.pl --name=nios_setup_v2_key --dir=C:/Users/Anay/AppData/Local/Temp/alt7578_836085858588774511.dir/0002_key_gen/ --quartus_dir=C:/intelfpga_lite/17.1/quartus --verilog --config=C:/Users/Anay/AppData/Local/Temp/alt7578_836085858588774511.dir/0002_key_gen//nios_setup_v2_key_component_configuration.pl  --do_build_sim=0  ]
Info: key: Done RTL generation for module 'nios_setup_v2_key'
Info: key: "nios_setup_v2" instantiated altera_avalon_pio "key"
Info: led: Starting RTL generation for module 'nios_setup_v2_led'
Info: led:   Generation command is [exec C:/intelfpga_lite/17.1/quartus/bin64/perl/bin/perl.exe -I C:/intelfpga_lite/17.1/quartus/bin64/perl/lib -I C:/intelfpga_lite/17.1/quartus/sopc_builder/bin/europa -I C:/intelfpga_lite/17.1/quartus/sopc_builder/bin/perl_lib -I C:/intelfpga_lite/17.1/quartus/sopc_builder/bin -I C:/intelfpga_lite/17.1/quartus/../ip/altera/sopc_builder_ip/common -I C:/intelfpga_lite/17.1/quartus/../ip/altera/sopc_builder_ip/altera_avalon_pio -- C:/intelfpga_lite/17.1/quartus/../ip/altera/sopc_builder_ip/altera_avalon_pio/generate_rtl.pl --name=nios_setup_v2_led --dir=C:/Users/Anay/AppData/Local/Temp/alt7578_836085858588774511.dir/0003_led_gen/ --quartus_dir=C:/intelfpga_lite/17.1/quartus --verilog --config=C:/Users/Anay/AppData/Local/Temp/alt7578_836085858588774511.dir/0003_led_gen//nios_setup_v2_led_component_configuration.pl  --do_build_sim=0  ]
Info: led: Done RTL generation for module 'nios_setup_v2_led'
Info: led: "nios_setup_v2" instantiated altera_avalon_pio "led"
Info: nios2e: "nios_setup_v2" instantiated altera_nios2_gen2 "nios2e"
Info: onchip_memory: Starting RTL generation for module 'nios_setup_v2_onchip_memory'
Info: onchip_memory:   Generation command is [exec C:/intelfpga_lite/17.1/quartus/bin64/perl/bin/perl.exe -I C:/intelfpga_lite/17.1/quartus/bin64/perl/lib -I C:/intelfpga_lite/17.1/quartus/sopc_builder/bin/europa -I C:/intelfpga_lite/17.1/quartus/sopc_builder/bin/perl_lib -I C:/intelfpga_lite/17.1/quartus/sopc_builder/bin -I C:/intelfpga_lite/17.1/quartus/../ip/altera/sopc_builder_ip/common -I C:/intelfpga_lite/17.1/quartus/../ip/altera/sopc_builder_ip/altera_avalon_onchip_memory2 -- C:/intelfpga_lite/17.1/quartus/../ip/altera/sopc_builder_ip/altera_avalon_onchip_memory2/generate_rtl.pl --name=nios_setup_v2_onchip_memory --dir=C:/Users/Anay/AppData/Local/Temp/alt7578_836085858588774511.dir/0004_onchip_memory_gen/ --quartus_dir=C:/intelfpga_lite/17.1/quartus --verilog --config=C:/Users/Anay/AppData/Local/Temp/alt7578_836085858588774511.dir/0004_onchip_memory_gen//nios_setup_v2_onchip_memory_component_configuration.pl  --do_build_sim=0  ]
Info: onchip_memory: Done RTL generation for module 'nios_setup_v2_onchip_memory'
Info: onchip_memory: "nios_setup_v2" instantiated altera_avalon_onchip_memory2 "onchip_memory"
Info: switch: Starting RTL generation for module 'nios_setup_v2_switch'
Info: switch:   Generation command is [exec C:/intelfpga_lite/17.1/quartus/bin64/perl/bin/perl.exe -I C:/intelfpga_lite/17.1/quartus/bin64/perl/lib -I C:/intelfpga_lite/17.1/quartus/sopc_builder/bin/europa -I C:/intelfpga_lite/17.1/quartus/sopc_builder/bin/perl_lib -I C:/intelfpga_lite/17.1/quartus/sopc_builder/bin -I C:/intelfpga_lite/17.1/quartus/../ip/altera/sopc_builder_ip/common -I C:/intelfpga_lite/17.1/quartus/../ip/altera/sopc_builder_ip/altera_avalon_pio -- C:/intelfpga_lite/17.1/quartus/../ip/altera/sopc_builder_ip/altera_avalon_pio/generate_rtl.pl --name=nios_setup_v2_switch --dir=C:/Users/Anay/AppData/Local/Temp/alt7578_836085858588774511.dir/0005_switch_gen/ --quartus_dir=C:/intelfpga_lite/17.1/quartus --verilog --config=C:/Users/Anay/AppData/Local/Temp/alt7578_836085858588774511.dir/0005_switch_gen//nios_setup_v2_switch_component_configuration.pl  --do_build_sim=0  ]
Info: switch: Done RTL generation for module 'nios_setup_v2_switch'
Info: switch: "nios_setup_v2" instantiated altera_avalon_pio "switch"
Info: uart: Starting RTL generation for module 'nios_setup_v2_uart'
Info: uart:   Generation command is [exec C:/intelfpga_lite/17.1/quartus/bin64/perl/bin/perl.exe -I C:/intelfpga_lite/17.1/quartus/bin64/perl/lib -I C:/intelfpga_lite/17.1/quartus/sopc_builder/bin/europa -I C:/intelfpga_lite/17.1/quartus/sopc_builder/bin/perl_lib -I C:/intelfpga_lite/17.1/quartus/sopc_builder/bin -I C:/intelfpga_lite/17.1/quartus/../ip/altera/sopc_builder_ip/common -I C:/intelfpga_lite/17.1/quartus/../ip/altera/sopc_builder_ip/altera_avalon_jtag_uart -- C:/intelfpga_lite/17.1/quartus/../ip/altera/sopc_builder_ip/altera_avalon_jtag_uart/generate_rtl.pl --name=nios_setup_v2_uart --dir=C:/Users/Anay/AppData/Local/Temp/alt7578_836085858588774511.dir/0006_uart_gen/ --quartus_dir=C:/intelfpga_lite/17.1/quartus --verilog --config=C:/Users/Anay/AppData/Local/Temp/alt7578_836085858588774511.dir/0006_uart_gen//nios_setup_v2_uart_component_configuration.pl  --do_build_sim=0  ]
Info: uart: Done RTL generation for module 'nios_setup_v2_uart'
Info: uart: "nios_setup_v2" instantiated altera_avalon_jtag_uart "uart"
Info: avalon_st_adapter: Inserting error_adapter: error_adapter_0
Info: avalon_st_adapter_001: Inserting error_adapter: error_adapter_0
Info: avalon_st_adapter_002: Inserting error_adapter: error_adapter_0
Info: avalon_st_adapter_003: Inserting error_adapter: error_adapter_0
Info: avalon_st_adapter_004: Inserting error_adapter: error_adapter_0
Info: avalon_st_adapter_005: Inserting error_adapter: error_adapter_0
Info: mm_interconnect_0: "nios_setup_v2" instantiated altera_mm_interconnect "mm_interconnect_0"
Info: irq_mapper: "nios_setup_v2" instantiated altera_irq_mapper "irq_mapper"
Info: rst_controller: "nios_setup_v2" instantiated altera_reset_controller "rst_controller"
Info: cpu: Starting RTL generation for module 'nios_setup_v2_nios2e_cpu'
Info: cpu:   Generation command is [exec C:/intelFPGA_lite/17.1/quartus/bin64//eperlcmd.exe -I C:/intelFPGA_lite/17.1/quartus/bin64//perl/lib -I C:/intelfpga_lite/17.1/quartus/sopc_builder/bin/europa -I C:/intelfpga_lite/17.1/quartus/sopc_builder/bin/perl_lib -I C:/intelfpga_lite/17.1/quartus/sopc_builder/bin -I C:/intelfpga_lite/17.1/quartus/../ip/altera/nios2_ip/altera_nios2_gen2/cpu_lib -I C:/intelfpga_lite/17.1/quartus/../ip/altera/nios2_ip/altera_nios2_gen2/nios_lib -I C:/intelfpga_lite/17.1/quartus/../ip/altera/nios2_ip/altera_nios2_gen2 -I C:/intelfpga_lite/17.1/quartus/../ip/altera/nios2_ip/altera_nios2_gen2 -- C:/intelfpga_lite/17.1/quartus/../ip/altera/nios2_ip/altera_nios2_gen2/generate_rtl.epl --name=nios_setup_v2_nios2e_cpu --dir=C:/Users/Anay/AppData/Local/Temp/alt7578_836085858588774511.dir/0009_cpu_gen/ --quartus_bindir=C:/intelFPGA_lite/17.1/quartus/bin64/ --verilog --config=C:/Users/Anay/AppData/Local/Temp/alt7578_836085858588774511.dir/0009_cpu_gen//nios_setup_v2_nios2e_cpu_processor_configuration.pl  --do_build_sim=0  ]
Info: cpu: # 2018.02.16 13:53:39 (*) Starting Nios II generation
Info: cpu: # 2018.02.16 13:53:39 (*)   Checking for plaintext license.
Info: cpu: # 2018.02.16 13:53:41 (*)   Couldn't query license setup in Quartus directory C:/intelFPGA_lite/17.1/quartus/bin64/
Info: cpu: # 2018.02.16 13:53:41 (*)   Defaulting to contents of LM_LICENSE_FILE environment variable
Info: cpu: # 2018.02.16 13:53:41 (*)   LM_LICENSE_FILE environment variable is empty
Info: cpu: # 2018.02.16 13:53:41 (*)   Plaintext license not found.
Info: cpu: # 2018.02.16 13:53:41 (*)   No license required to generate encrypted Nios II/e.
Info: cpu: # 2018.02.16 13:53:41 (*)   Elaborating CPU configuration settings
Info: cpu: # 2018.02.16 13:53:41 (*)   Creating all objects for CPU
Info: cpu: # 2018.02.16 13:53:45 (*)   Generating RTL from CPU objects
Info: cpu: # 2018.02.16 13:53:45 (*)   Creating plain-text RTL
Info: cpu: # 2018.02.16 13:53:48 (*) Done Nios II generation
Info: cpu: Done RTL generation for module 'nios_setup_v2_nios2e_cpu'
Info: cpu: "nios2e" instantiated altera_nios2_gen2_unit "cpu"
Info: nios2e_data_master_translator: "mm_interconnect_0" instantiated altera_merlin_master_translator "nios2e_data_master_translator"
Info: uart_avalon_jtag_slave_translator: "mm_interconnect_0" instantiated altera_merlin_slave_translator "uart_avalon_jtag_slave_translator"
Info: nios2e_data_master_agent: "mm_interconnect_0" instantiated altera_merlin_master_agent "nios2e_data_master_agent"
Info: uart_avalon_jtag_slave_agent: "mm_interconnect_0" instantiated altera_merlin_slave_agent "uart_avalon_jtag_slave_agent"
Info: uart_avalon_jtag_slave_agent_rsp_fifo: "mm_interconnect_0" instantiated altera_avalon_sc_fifo "uart_avalon_jtag_slave_agent_rsp_fifo"
Info: router: "mm_interconnect_0" instantiated altera_merlin_router "router"
Info: router_001: "mm_interconnect_0" instantiated altera_merlin_router "router_001"
Info: router_002: "mm_interconnect_0" instantiated altera_merlin_router "router_002"
Info: router_003: "mm_interconnect_0" instantiated altera_merlin_router "router_003"
Info: cmd_demux: "mm_interconnect_0" instantiated altera_merlin_demultiplexer "cmd_demux"
Info: cmd_demux_001: "mm_interconnect_0" instantiated altera_merlin_demultiplexer "cmd_demux_001"
Info: cmd_mux: "mm_interconnect_0" instantiated altera_merlin_multiplexer "cmd_mux"
Info: cmd_mux_001: "mm_interconnect_0" instantiated altera_merlin_multiplexer "cmd_mux_001"
Info: Reusing file C:/Altera/Alteraprj/devkit_hello_world/nios_setup_v2/synthesis/submodules/altera_merlin_arbitrator.sv
Info: rsp_demux: "mm_interconnect_0" instantiated altera_merlin_demultiplexer "rsp_demux"
Info: rsp_mux: "mm_interconnect_0" instantiated altera_merlin_multiplexer "rsp_mux"
Info: Reusing file C:/Altera/Alteraprj/devkit_hello_world/nios_setup_v2/synthesis/submodules/altera_merlin_arbitrator.sv
Info: rsp_mux_001: "mm_interconnect_0" instantiated altera_merlin_multiplexer "rsp_mux_001"
Info: Reusing file C:/Altera/Alteraprj/devkit_hello_world/nios_setup_v2/synthesis/submodules/altera_merlin_arbitrator.sv
Info: avalon_st_adapter: "mm_interconnect_0" instantiated altera_avalon_st_adapter "avalon_st_adapter"
Info: error_adapter_0: "avalon_st_adapter" instantiated error_adapter "error_adapter_0"
Info: nios_setup_v2: Done "nios_setup_v2" with 29 modules, 41 files
Info: qsys-generate succeeded.
Info: Finished: Create HDL design files for synthesis
