Flow report for hello_world_lab
Fri Feb 16 13:59:43 2018
Quartus Prime Version 17.1.0 Build 590 10/25/2017 SJ Lite Edition


---------------------
; Table of Contents ;
---------------------
  1. Legal Notice
  2. Flow Summary
  3. Flow Settings
  4. Flow Non-Default Global Settings
  5. Flow Elapsed Time
  6. Flow OS Summary
  7. Flow Log
  8. Flow Messages
  9. Flow Suppressed Messages



----------------
; Legal Notice ;
----------------
Copyright (C) 2017  Intel Corporation. All rights reserved.
Your use of Intel Corporation's design tools, logic functions 
and other software and tools, and its AMPP partner logic 
functions, and any output files from any of the foregoing 
(including device programming or simulation files), and any 
associated documentation or information are expressly subject 
to the terms and conditions of the Intel Program License 
Subscription Agreement, the Intel Quartus Prime License Agreement,
the Intel FPGA IP License Agreement, or other applicable license
agreement, including, without limitation, that your use is for
the sole purpose of programming logic devices manufactured by
Intel and sold by Intel or its authorized distributors.  Please
refer to the applicable agreement for further details.



+----------------------------------------------------------------------------------+
; Flow Summary                                                                     ;
+------------------------------------+---------------------------------------------+
; Flow Status                        ; Successful - Fri Feb 16 13:59:36 2018       ;
; Quartus Prime Version              ; 17.1.0 Build 590 10/25/2017 SJ Lite Edition ;
; Revision Name                      ; hello_world_lab                             ;
; Top-level Entity Name              ; hello_world                                 ;
; Family                             ; MAX 10                                      ;
; Device                             ; 10M50DAF484C6GES                            ;
; Timing Models                      ; Preliminary                                 ;
; Total logic elements               ; 1,626 / 49,760 ( 3 % )                      ;
;     Total combinational functions  ; 1,522 / 49,760 ( 3 % )                      ;
;     Dedicated logic registers      ; 886 / 49,760 ( 2 % )                        ;
; Total registers                    ; 886                                         ;
; Total pins                         ; 7 / 360 ( 2 % )                             ;
; Total virtual pins                 ; 0                                           ;
; Total memory bits                  ; 142,336 / 1,677,312 ( 8 % )                 ;
; Embedded Multiplier 9-bit elements ; 0 / 288 ( 0 % )                             ;
; Total PLLs                         ; 0 / 4 ( 0 % )                               ;
; UFM blocks                         ; 0 / 1 ( 0 % )                               ;
; ADC blocks                         ; 0 / 2 ( 0 % )                               ;
+------------------------------------+---------------------------------------------+


+-----------------------------------------+
; Flow Settings                           ;
+-------------------+---------------------+
; Option            ; Setting             ;
+-------------------+---------------------+
; Start date & time ; 02/16/2018 13:58:17 ;
; Main task         ; Compilation         ;
; Revision Name     ; hello_world_lab     ;
+-------------------+---------------------+


+------------------------------------------------------------------------------------------------------------------------------------------------------+
; Flow Non-Default Global Settings                                                                                                                     ;
+-------------------------------------+-----------------------------------------------------------------+-----------------+---------------+------------+
; Assignment Name                     ; Value                                                           ; Default Value   ; Entity Name   ; Section Id ;
+-------------------------------------+-----------------------------------------------------------------+-----------------+---------------+------------+
; COMPILER_SIGNATURE_ID               ; 218472127994362.151881469607888                                 ; --              ; --            ; --         ;
; MAX_CORE_JUNCTION_TEMP              ; 85                                                              ; --              ; --            ; --         ;
; MIN_CORE_JUNCTION_TEMP              ; 0                                                               ; --              ; --            ; --         ;
; MISC_FILE                           ; nios_setup_v2/synthesis/../nios_setup_v2.cmp                    ; --              ; --            ; --         ;
; MISC_FILE                           ; nios_setup_v2/synthesis/../../nios_setup_v2.qsys                ; --              ; --            ; --         ;
; PARTITION_COLOR                     ; -- (Not supported for targeted family)                          ; --              ; hello_world   ; Top        ;
; PARTITION_FITTER_PRESERVATION_LEVEL ; -- (Not supported for targeted family)                          ; --              ; hello_world   ; Top        ;
; PARTITION_NETLIST_TYPE              ; -- (Not supported for targeted family)                          ; --              ; hello_world   ; Top        ;
; POWER_BOARD_THERMAL_MODEL           ; None (CONSERVATIVE)                                             ; --              ; --            ; --         ;
; POWER_PRESET_COOLING_SOLUTION       ; 23 MM HEAT SINK WITH 200 LFPM AIRFLOW                           ; --              ; --            ; --         ;
; PROJECT_OUTPUT_DIRECTORY            ; output_files                                                    ; --              ; --            ; --         ;
; SLD_FILE                            ; nios_setup_v2/synthesis/nios_setup_v2.regmap                    ; --              ; --            ; --         ;
; SLD_FILE                            ; nios_setup_v2/synthesis/nios_setup_v2.debuginfo                 ; --              ; --            ; --         ;
; SLD_INFO                            ; QSYS_NAME nios_setup_v2 HAS_SOPCINFO 1 GENERATION_ID 1518814368 ; --              ; nios_setup_v2 ; --         ;
; SOPCINFO_FILE                       ; nios_setup_v2/synthesis/../../nios_setup_v2.sopcinfo            ; --              ; --            ; --         ;
; SYNTHESIS_ONLY_QIP                  ; On                                                              ; --              ; --            ; --         ;
; TOP_LEVEL_ENTITY                    ; hello_world                                                     ; hello_world_lab ; --            ; --         ;
+-------------------------------------+-----------------------------------------------------------------+-----------------+---------------+------------+


+-------------------------------------------------------------------------------------------------------------------------------+
; Flow Elapsed Time                                                                                                             ;
+---------------------------+--------------+-------------------------+---------------------+------------------------------------+
; Module Name               ; Elapsed Time ; Average Processors Used ; Peak Virtual Memory ; Total CPU Time (on all processors) ;
+---------------------------+--------------+-------------------------+---------------------+------------------------------------+
; Analysis & Synthesis      ; 00:00:49     ; 1.0                     ; 820 MB              ; 00:01:29                           ;
; Fitter                    ; 00:00:17     ; 1.2                     ; 1362 MB             ; 00:00:24                           ;
; Assembler                 ; 00:00:05     ; 1.0                     ; 629 MB              ; 00:00:05                           ;
; TimeQuest Timing Analyzer ; 00:00:06     ; 1.3                     ; 752 MB              ; 00:00:07                           ;
; Total                     ; 00:01:17     ; --                      ; --                  ; 00:02:05                           ;
+---------------------------+--------------+-------------------------+---------------------+------------------------------------+


+----------------------------------------------------------------------------------------+
; Flow OS Summary                                                                        ;
+---------------------------+------------------+-----------+------------+----------------+
; Module Name               ; Machine Hostname ; OS Name   ; OS Version ; Processor type ;
+---------------------------+------------------+-----------+------------+----------------+
; Analysis & Synthesis      ; ANAY-WINDOWS10   ; Windows 8 ; 6.2        ; x86_64         ;
; Fitter                    ; ANAY-WINDOWS10   ; Windows 8 ; 6.2        ; x86_64         ;
; Assembler                 ; ANAY-WINDOWS10   ; Windows 8 ; 6.2        ; x86_64         ;
; TimeQuest Timing Analyzer ; ANAY-WINDOWS10   ; Windows 8 ; 6.2        ; x86_64         ;
+---------------------------+------------------+-----------+------------+----------------+


------------
; Flow Log ;
------------
quartus_map --read_settings_files=on --write_settings_files=off hello_world_lab -c hello_world_lab
quartus_fit --read_settings_files=off --write_settings_files=off hello_world_lab -c hello_world_lab
quartus_asm --read_settings_files=off --write_settings_files=off hello_world_lab -c hello_world_lab
quartus_sta hello_world_lab -c hello_world_lab



