Analysis & Synthesis report for Lab1Part6
Thu Mar 29 18:20:26 2018
Quartus Prime Version 16.1.0 Build 196 10/24/2016 SJ Lite Edition


---------------------
; Table of Contents ;
---------------------
  1. Legal Notice
  2. Analysis & Synthesis Summary
  3. Analysis & Synthesis Settings
  4. Parallel Compilation
  5. Analysis & Synthesis Source Files Read
  6. Analysis & Synthesis Resource Usage Summary
  7. Analysis & Synthesis Resource Utilization by Entity
  8. General Register Statistics
  9. Multiplexer Restructuring Statistics (Restructuring Performed)
 10. Port Connectivity Checks: "mux_2bit_6to1:U5"
 11. Port Connectivity Checks: "mux_2bit_6to1:U4"
 12. Port Connectivity Checks: "mux_2bit_6to1:U3"
 13. Port Connectivity Checks: "mux_2bit_6to1:U2"
 14. Port Connectivity Checks: "mux_2bit_6to1:U1"
 15. Port Connectivity Checks: "mux_2bit_6to1:U0"
 16. Post-Synthesis Netlist Statistics for Top Partition
 17. Elapsed Time Per Partition
 18. Analysis & Synthesis Messages



----------------
; Legal Notice ;
----------------
Copyright (C) 2016  Intel Corporation. All rights reserved.
Your use of Intel Corporation's design tools, logic functions 
and other software and tools, and its AMPP partner logic 
functions, and any output files from any of the foregoing 
(including device programming or simulation files), and any 
associated documentation or information are expressly subject 
to the terms and conditions of the Intel Program License 
Subscription Agreement, the Intel Quartus Prime License Agreement,
the Intel MegaCore Function License Agreement, or other 
applicable license agreement, including, without limitation, 
that your use is for the sole purpose of programming logic 
devices manufactured by Intel and sold by Intel or its 
authorized distributors.  Please refer to the applicable 
agreement for further details.



+-------------------------------------------------------------------------------+
; Analysis & Synthesis Summary                                                  ;
+---------------------------------+---------------------------------------------+
; Analysis & Synthesis Status     ; Successful - Thu Mar 29 18:20:26 2018       ;
; Quartus Prime Version           ; 16.1.0 Build 196 10/24/2016 SJ Lite Edition ;
; Revision Name                   ; Lab1Part6                                   ;
; Top-level Entity Name           ; LAB1part6                                   ;
; Family                          ; Cyclone V                                   ;
; Logic utilization (in ALMs)     ; N/A                                         ;
; Total registers                 ; 0                                           ;
; Total pins                      ; 62                                          ;
; Total virtual pins              ; 0                                           ;
; Total block memory bits         ; 0                                           ;
; Total DSP Blocks                ; 0                                           ;
; Total HSSI RX PCSs              ; 0                                           ;
; Total HSSI PMA RX Deserializers ; 0                                           ;
; Total HSSI TX PCSs              ; 0                                           ;
; Total HSSI PMA TX Serializers   ; 0                                           ;
; Total PLLs                      ; 0                                           ;
; Total DLLs                      ; 0                                           ;
+---------------------------------+---------------------------------------------+


+---------------------------------------------------------------------------------------------------------------------------+
; Analysis & Synthesis Settings                                                                                             ;
+---------------------------------------------------------------------------------+--------------------+--------------------+
; Option                                                                          ; Setting            ; Default Value      ;
+---------------------------------------------------------------------------------+--------------------+--------------------+
; Device                                                                          ; 5CSEMA5F31C6       ;                    ;
; Top-level entity name                                                           ; Lab1Part6          ; Lab1Part6          ;
; Family name                                                                     ; Cyclone V          ; Cyclone V          ;
; Use smart compilation                                                           ; Off                ; Off                ;
; Enable parallel Assembler and TimeQuest Timing Analyzer during compilation      ; On                 ; On                 ;
; Enable compact report table                                                     ; Off                ; Off                ;
; Restructure Multiplexers                                                        ; Auto               ; Auto               ;
; MLAB Add Timing Constraints For Mixed-Port Feed-Through Mode Setting Don't Care ; Off                ; Off                ;
; Create Debugging Nodes for IP Cores                                             ; Off                ; Off                ;
; Preserve fewer node names                                                       ; On                 ; On                 ;
; OpenCore Plus hardware evaluation                                               ; Enable             ; Enable             ;
; Verilog Version                                                                 ; Verilog_2001       ; Verilog_2001       ;
; VHDL Version                                                                    ; VHDL_1993          ; VHDL_1993          ;
; State Machine Processing                                                        ; Auto               ; Auto               ;
; Safe State Machine                                                              ; Off                ; Off                ;
; Extract Verilog State Machines                                                  ; On                 ; On                 ;
; Extract VHDL State Machines                                                     ; On                 ; On                 ;
; Ignore Verilog initial constructs                                               ; Off                ; Off                ;
; Iteration limit for constant Verilog loops                                      ; 5000               ; 5000               ;
; Iteration limit for non-constant Verilog loops                                  ; 250                ; 250                ;
; Add Pass-Through Logic to Inferred RAMs                                         ; On                 ; On                 ;
; Infer RAMs from Raw Logic                                                       ; On                 ; On                 ;
; Parallel Synthesis                                                              ; On                 ; On                 ;
; DSP Block Balancing                                                             ; Auto               ; Auto               ;
; NOT Gate Push-Back                                                              ; On                 ; On                 ;
; Power-Up Don't Care                                                             ; On                 ; On                 ;
; Remove Redundant Logic Cells                                                    ; Off                ; Off                ;
; Remove Duplicate Registers                                                      ; On                 ; On                 ;
; Ignore CARRY Buffers                                                            ; Off                ; Off                ;
; Ignore CASCADE Buffers                                                          ; Off                ; Off                ;
; Ignore GLOBAL Buffers                                                           ; Off                ; Off                ;
; Ignore ROW GLOBAL Buffers                                                       ; Off                ; Off                ;
; Ignore LCELL Buffers                                                            ; Off                ; Off                ;
; Ignore SOFT Buffers                                                             ; On                 ; On                 ;
; Limit AHDL Integers to 32 Bits                                                  ; Off                ; Off                ;
; Optimization Technique                                                          ; Balanced           ; Balanced           ;
; Carry Chain Length                                                              ; 70                 ; 70                 ;
; Auto Carry Chains                                                               ; On                 ; On                 ;
; Auto Open-Drain Pins                                                            ; On                 ; On                 ;
; Perform WYSIWYG Primitive Resynthesis                                           ; Off                ; Off                ;
; Auto ROM Replacement                                                            ; On                 ; On                 ;
; Auto RAM Replacement                                                            ; On                 ; On                 ;
; Auto DSP Block Replacement                                                      ; On                 ; On                 ;
; Auto Shift Register Replacement                                                 ; Auto               ; Auto               ;
; Allow Shift Register Merging across Hierarchies                                 ; Auto               ; Auto               ;
; Auto Clock Enable Replacement                                                   ; On                 ; On                 ;
; Strict RAM Replacement                                                          ; Off                ; Off                ;
; Allow Synchronous Control Signals                                               ; On                 ; On                 ;
; Force Use of Synchronous Clear Signals                                          ; Off                ; Off                ;
; Auto Resource Sharing                                                           ; Off                ; Off                ;
; Allow Any RAM Size For Recognition                                              ; Off                ; Off                ;
; Allow Any ROM Size For Recognition                                              ; Off                ; Off                ;
; Allow Any Shift Register Size For Recognition                                   ; Off                ; Off                ;
; Use LogicLock Constraints during Resource Balancing                             ; On                 ; On                 ;
; Ignore translate_off and synthesis_off directives                               ; Off                ; Off                ;
; Timing-Driven Synthesis                                                         ; On                 ; On                 ;
; Report Parameter Settings                                                       ; On                 ; On                 ;
; Report Source Assignments                                                       ; On                 ; On                 ;
; Report Connectivity Checks                                                      ; On                 ; On                 ;
; Ignore Maximum Fan-Out Assignments                                              ; Off                ; Off                ;
; Synchronization Register Chain Length                                           ; 3                  ; 3                  ;
; PowerPlay Power Optimization During Synthesis                                   ; Normal compilation ; Normal compilation ;
; HDL message level                                                               ; Level2             ; Level2             ;
; Suppress Register Optimization Related Messages                                 ; Off                ; Off                ;
; Number of Removed Registers Reported in Synthesis Report                        ; 5000               ; 5000               ;
; Number of Swept Nodes Reported in Synthesis Report                              ; 5000               ; 5000               ;
; Number of Inverted Registers Reported in Synthesis Report                       ; 100                ; 100                ;
; Clock MUX Protection                                                            ; On                 ; On                 ;
; Auto Gated Clock Conversion                                                     ; Off                ; Off                ;
; Block Design Naming                                                             ; Auto               ; Auto               ;
; SDC constraint protection                                                       ; Off                ; Off                ;
; Synthesis Effort                                                                ; Auto               ; Auto               ;
; Shift Register Replacement - Allow Asynchronous Clear Signal                    ; On                 ; On                 ;
; Pre-Mapping Resynthesis Optimization                                            ; Off                ; Off                ;
; Analysis & Synthesis Message Level                                              ; Medium             ; Medium             ;
; Disable Register Merging Across Hierarchies                                     ; Auto               ; Auto               ;
; Resource Aware Inference For Block RAM                                          ; On                 ; On                 ;
; Automatic Parallel Synthesis                                                    ; On                 ; On                 ;
; Partial Reconfiguration Bitstream ID                                            ; Off                ; Off                ;
+---------------------------------------------------------------------------------+--------------------+--------------------+


+------------------------------------------+
; Parallel Compilation                     ;
+----------------------------+-------------+
; Processors                 ; Number      ;
+----------------------------+-------------+
; Number detected on machine ; 4           ;
; Maximum allowed            ; 2           ;
;                            ;             ;
; Average used               ; 1.00        ;
; Maximum used               ; 1           ;
;                            ;             ;
; Usage by Processor         ; % Time Used ;
;     Processor 1            ; 100.0%      ;
+----------------------------+-------------+


+------------------------------------------------------------------------------------------------------------------------------------+
; Analysis & Synthesis Source Files Read                                                                                             ;
+----------------------------------+-----------------+-----------------+---------------------------------------------------+---------+
; File Name with User-Entered Path ; Used in Netlist ; File Type       ; File Name with Absolute Path                      ; Library ;
+----------------------------------+-----------------+-----------------+---------------------------------------------------+---------+
; Lab1Part6.vhd                    ; yes             ; User VHDL File  ; F:/Homework/PSOC/Project3/Lab1Part6/Lab1Part6.vhd ;         ;
+----------------------------------+-----------------+-----------------+---------------------------------------------------+---------+


+-----------------------------------------------------------+
; Analysis & Synthesis Resource Usage Summary               ;
+---------------------------------------------+-------------+
; Resource                                    ; Usage       ;
+---------------------------------------------+-------------+
; Estimate of Logic utilization (ALMs needed) ; 16          ;
;                                             ;             ;
; Combinational ALUT usage for logic          ; 18          ;
;     -- 7 input functions                    ; 0           ;
;     -- 6 input functions                    ; 13          ;
;     -- 5 input functions                    ; 0           ;
;     -- 4 input functions                    ; 0           ;
;     -- <=3 input functions                  ; 5           ;
;                                             ;             ;
; Dedicated logic registers                   ; 0           ;
;                                             ;             ;
; I/O pins                                    ; 62          ;
;                                             ;             ;
; Total DSP Blocks                            ; 0           ;
;                                             ;             ;
; Maximum fan-out node                        ; SW[7]~input ;
; Maximum fan-out                             ; 14          ;
; Total fan-out                               ; 195         ;
; Average fan-out                             ; 1.37        ;
+---------------------------------------------+-------------+


+--------------------------------------------------------------------------------------------------------------------------------------------------------------------------------------------------+
; Analysis & Synthesis Resource Utilization by Entity                                                                                                                                              ;
+----------------------------+---------------------+---------------------------+-------------------+------------+------+--------------+-----------------------------+---------------+--------------+
; Compilation Hierarchy Node ; Combinational ALUTs ; Dedicated Logic Registers ; Block Memory Bits ; DSP Blocks ; Pins ; Virtual Pins ; Full Hierarchy Name         ; Entity Name   ; Library Name ;
+----------------------------+---------------------+---------------------------+-------------------+------------+------+--------------+-----------------------------+---------------+--------------+
; |LAB1part6                 ; 18 (0)              ; 0 (0)                     ; 0                 ; 0          ; 62   ; 0            ; |LAB1part6                  ; LAB1part6     ; work         ;
;    |char_7seg:H0|          ; 1 (1)               ; 0 (0)                     ; 0                 ; 0          ; 0    ; 0            ; |LAB1part6|char_7seg:H0     ; char_7seg     ; work         ;
;    |char_7seg:H1|          ; 1 (1)               ; 0 (0)                     ; 0                 ; 0          ; 0    ; 0            ; |LAB1part6|char_7seg:H1     ; char_7seg     ; work         ;
;    |char_7seg:H2|          ; 2 (2)               ; 0 (0)                     ; 0                 ; 0          ; 0    ; 0            ; |LAB1part6|char_7seg:H2     ; char_7seg     ; work         ;
;    |char_7seg:H3|          ; 1 (1)               ; 0 (0)                     ; 0                 ; 0          ; 0    ; 0            ; |LAB1part6|char_7seg:H3     ; char_7seg     ; work         ;
;    |char_7seg:H4|          ; 2 (2)               ; 0 (0)                     ; 0                 ; 0          ; 0    ; 0            ; |LAB1part6|char_7seg:H4     ; char_7seg     ; work         ;
;    |char_7seg:H5|          ; 1 (1)               ; 0 (0)                     ; 0                 ; 0          ; 0    ; 0            ; |LAB1part6|char_7seg:H5     ; char_7seg     ; work         ;
;    |mux_2bit_6to1:U0|      ; 2 (2)               ; 0 (0)                     ; 0                 ; 0          ; 0    ; 0            ; |LAB1part6|mux_2bit_6to1:U0 ; mux_2bit_6to1 ; work         ;
;    |mux_2bit_6to1:U1|      ; 2 (2)               ; 0 (0)                     ; 0                 ; 0          ; 0    ; 0            ; |LAB1part6|mux_2bit_6to1:U1 ; mux_2bit_6to1 ; work         ;
;    |mux_2bit_6to1:U2|      ; 1 (1)               ; 0 (0)                     ; 0                 ; 0          ; 0    ; 0            ; |LAB1part6|mux_2bit_6to1:U2 ; mux_2bit_6to1 ; work         ;
;    |mux_2bit_6to1:U3|      ; 2 (2)               ; 0 (0)                     ; 0                 ; 0          ; 0    ; 0            ; |LAB1part6|mux_2bit_6to1:U3 ; mux_2bit_6to1 ; work         ;
;    |mux_2bit_6to1:U4|      ; 1 (1)               ; 0 (0)                     ; 0                 ; 0          ; 0    ; 0            ; |LAB1part6|mux_2bit_6to1:U4 ; mux_2bit_6to1 ; work         ;
;    |mux_2bit_6to1:U5|      ; 2 (2)               ; 0 (0)                     ; 0                 ; 0          ; 0    ; 0            ; |LAB1part6|mux_2bit_6to1:U5 ; mux_2bit_6to1 ; work         ;
+----------------------------+---------------------+---------------------------+-------------------+------------+------+--------------+-----------------------------+---------------+--------------+
Note: For table entries with two numbers listed, the numbers in parentheses indicate the number of resources of the given type used by the specific entity alone. The numbers listed outside of parentheses indicate the total resources of the given type used by the specific entity and all of its sub-entities in the hierarchy.


+------------------------------------------------------+
; General Register Statistics                          ;
+----------------------------------------------+-------+
; Statistic                                    ; Value ;
+----------------------------------------------+-------+
; Total registers                              ; 0     ;
; Number of registers using Synchronous Clear  ; 0     ;
; Number of registers using Synchronous Load   ; 0     ;
; Number of registers using Asynchronous Clear ; 0     ;
; Number of registers using Asynchronous Load  ; 0     ;
; Number of registers using Clock Enable       ; 0     ;
; Number of registers using Preset             ; 0     ;
+----------------------------------------------+-------+


+------------------------------------------------------------------------------------------------------------------------------------------------+
; Multiplexer Restructuring Statistics (Restructuring Performed)                                                                                 ;
+--------------------+-----------+---------------+----------------------+------------------------+------------+----------------------------------+
; Multiplexer Inputs ; Bus Width ; Baseline Area ; Area if Restructured ; Saving if Restructured ; Registered ; Example Multiplexer Output       ;
+--------------------+-----------+---------------+----------------------+------------------------+------------+----------------------------------+
; 4:1                ; 2 bits    ; 4 LEs         ; 4 LEs                ; 0 LEs                  ; No         ; |LAB1part6|mux_2bit_6to1:U5|Mux0 ;
; 4:1                ; 2 bits    ; 4 LEs         ; 4 LEs                ; 0 LEs                  ; No         ; |LAB1part6|mux_2bit_6to1:U1|Mux0 ;
; 4:1                ; 2 bits    ; 4 LEs         ; 4 LEs                ; 0 LEs                  ; No         ; |LAB1part6|mux_2bit_6to1:U3|Mux0 ;
; 4:1                ; 2 bits    ; 4 LEs         ; 4 LEs                ; 0 LEs                  ; No         ; |LAB1part6|mux_2bit_6to1:U4|Mux0 ;
; 4:1                ; 2 bits    ; 4 LEs         ; 4 LEs                ; 0 LEs                  ; No         ; |LAB1part6|mux_2bit_6to1:U2|Mux0 ;
; 4:1                ; 2 bits    ; 4 LEs         ; 4 LEs                ; 0 LEs                  ; No         ; |LAB1part6|mux_2bit_6to1:U0|Mux0 ;
+--------------------+-----------+---------------+----------------------+------------------------+------------+----------------------------------+


+----------------------------------------------+
; Port Connectivity Checks: "mux_2bit_6to1:U5" ;
+------+-------+----------+--------------------+
; Port ; Type  ; Severity ; Details            ;
+------+-------+----------+--------------------+
; u    ; Input ; Info     ; Stuck at VCC       ;
; v    ; Input ; Info     ; Stuck at VCC       ;
; w    ; Input ; Info     ; Stuck at VCC       ;
+------+-------+----------+--------------------+


+----------------------------------------------+
; Port Connectivity Checks: "mux_2bit_6to1:U4" ;
+------+-------+----------+--------------------+
; Port ; Type  ; Severity ; Details            ;
+------+-------+----------+--------------------+
; u    ; Input ; Info     ; Stuck at VCC       ;
; v    ; Input ; Info     ; Stuck at VCC       ;
; c    ; Input ; Info     ; Stuck at VCC       ;
+------+-------+----------+--------------------+


+----------------------------------------------+
; Port Connectivity Checks: "mux_2bit_6to1:U3" ;
+------+-------+----------+--------------------+
; Port ; Type  ; Severity ; Details            ;
+------+-------+----------+--------------------+
; u    ; Input ; Info     ; Stuck at VCC       ;
; b    ; Input ; Info     ; Stuck at VCC       ;
; c    ; Input ; Info     ; Stuck at VCC       ;
+------+-------+----------+--------------------+


+----------------------------------------------+
; Port Connectivity Checks: "mux_2bit_6to1:U2" ;
+------+-------+----------+--------------------+
; Port ; Type  ; Severity ; Details            ;
+------+-------+----------+--------------------+
; a    ; Input ; Info     ; Stuck at VCC       ;
; b    ; Input ; Info     ; Stuck at VCC       ;
; c    ; Input ; Info     ; Stuck at VCC       ;
+------+-------+----------+--------------------+


+----------------------------------------------+
; Port Connectivity Checks: "mux_2bit_6to1:U1" ;
+------+-------+----------+--------------------+
; Port ; Type  ; Severity ; Details            ;
+------+-------+----------+--------------------+
; w    ; Input ; Info     ; Stuck at VCC       ;
; a    ; Input ; Info     ; Stuck at VCC       ;
; b    ; Input ; Info     ; Stuck at VCC       ;
+------+-------+----------+--------------------+


+----------------------------------------------+
; Port Connectivity Checks: "mux_2bit_6to1:U0" ;
+------+-------+----------+--------------------+
; Port ; Type  ; Severity ; Details            ;
+------+-------+----------+--------------------+
; v    ; Input ; Info     ; Stuck at VCC       ;
; w    ; Input ; Info     ; Stuck at VCC       ;
; a    ; Input ; Info     ; Stuck at VCC       ;
+------+-------+----------+--------------------+


+-----------------------------------------------------+
; Post-Synthesis Netlist Statistics for Top Partition ;
+-----------------------+-----------------------------+
; Type                  ; Count                       ;
+-----------------------+-----------------------------+
; arriav_lcell_comb     ; 22                          ;
;     normal            ; 22                          ;
;         0 data inputs ; 1                           ;
;         1 data inputs ; 3                           ;
;         2 data inputs ; 5                           ;
;         6 data inputs ; 13                          ;
; boundary_port         ; 62                          ;
;                       ;                             ;
; Max LUT depth         ; 2.00                        ;
; Average LUT depth     ; 1.90                        ;
+-----------------------+-----------------------------+


+-------------------------------+
; Elapsed Time Per Partition    ;
+----------------+--------------+
; Partition Name ; Elapsed Time ;
+----------------+--------------+
; Top            ; 00:00:00     ;
+----------------+--------------+


+-------------------------------+
; Analysis & Synthesis Messages ;
+-------------------------------+
Info: *******************************************************************
Info: Running Quartus Prime Analysis & Synthesis
    Info: Version 16.1.0 Build 196 10/24/2016 SJ Lite Edition
    Info: Processing started: Thu Mar 29 18:20:12 2018
Info: Command: quartus_map --read_settings_files=on --write_settings_files=off Lab1Part6 -c Lab1Part6
Warning (18236): Number of processors has not been specified which may cause overloading on shared machines.  Set the global assignment NUM_PARALLEL_PROCESSORS in your QSF to an appropriate value for best performance.
Info (20030): Parallel compilation is enabled and will use 2 of the 2 processors detected
Info (12021): Found 6 design units, including 3 entities, in source file lab1part6.vhd
    Info (12022): Found design unit 1: mux_2bit_6to1-Behavior File: F:/Homework/PSOC/Project3/Lab1Part6/Lab1Part6.vhd Line: 11
    Info (12022): Found design unit 2: char_7seg-Behavior File: F:/Homework/PSOC/Project3/Lab1Part6/Lab1Part6.vhd Line: 38
    Info (12022): Found design unit 3: LAB1part6-Behavior File: F:/Homework/PSOC/Project3/Lab1Part6/Lab1Part6.vhd Line: 69
    Info (12023): Found entity 1: mux_2bit_6to1 File: F:/Homework/PSOC/Project3/Lab1Part6/Lab1Part6.vhd Line: 4
    Info (12023): Found entity 2: char_7seg File: F:/Homework/PSOC/Project3/Lab1Part6/Lab1Part6.vhd Line: 32
    Info (12023): Found entity 3: LAB1part6 File: F:/Homework/PSOC/Project3/Lab1Part6/Lab1Part6.vhd Line: 56
Info (12127): Elaborating entity "Lab1Part6" for the top level hierarchy
Warning (10540): VHDL Signal Declaration warning at Lab1Part6.vhd(93): used explicit default value for signal "BLANK" because signal was never assigned a value File: F:/Homework/PSOC/Project3/Lab1Part6/Lab1Part6.vhd Line: 93
Warning (10873): Using initial value X (don't care) for net "LEDR[6..0]" at Lab1Part6.vhd(58) File: F:/Homework/PSOC/Project3/Lab1Part6/Lab1Part6.vhd Line: 58
Info (12128): Elaborating entity "mux_2bit_6to1" for hierarchy "mux_2bit_6to1:U0" File: F:/Homework/PSOC/Project3/Lab1Part6/Lab1Part6.vhd Line: 98
Info (12128): Elaborating entity "char_7seg" for hierarchy "char_7seg:H0" File: F:/Homework/PSOC/Project3/Lab1Part6/Lab1Part6.vhd Line: 107
Warning (13024): Output pins are stuck at VCC or GND
    Warning (13410): Pin "LEDR[0]" is stuck at GND File: F:/Homework/PSOC/Project3/Lab1Part6/Lab1Part6.vhd Line: 58
    Warning (13410): Pin "LEDR[1]" is stuck at GND File: F:/Homework/PSOC/Project3/Lab1Part6/Lab1Part6.vhd Line: 58
    Warning (13410): Pin "LEDR[2]" is stuck at GND File: F:/Homework/PSOC/Project3/Lab1Part6/Lab1Part6.vhd Line: 58
    Warning (13410): Pin "LEDR[3]" is stuck at GND File: F:/Homework/PSOC/Project3/Lab1Part6/Lab1Part6.vhd Line: 58
    Warning (13410): Pin "LEDR[4]" is stuck at GND File: F:/Homework/PSOC/Project3/Lab1Part6/Lab1Part6.vhd Line: 58
    Warning (13410): Pin "LEDR[5]" is stuck at GND File: F:/Homework/PSOC/Project3/Lab1Part6/Lab1Part6.vhd Line: 58
    Warning (13410): Pin "LEDR[6]" is stuck at GND File: F:/Homework/PSOC/Project3/Lab1Part6/Lab1Part6.vhd Line: 58
Info (286030): Timing-Driven Synthesis is running
Info (16010): Generating hard_block partition "hard_block:auto_generated_inst"
    Info (16011): Adding 0 node(s), including 0 DDIO, 0 PLL, 0 transceiver and 0 LCELL
Warning (21074): Design contains 1 input pin(s) that do not drive logic
    Warning (15610): No output dependent on input pin "SW[6]" File: F:/Homework/PSOC/Project3/Lab1Part6/Lab1Part6.vhd Line: 57
Info (21057): Implemented 80 device resources after synthesis - the final resource count might be different
    Info (21058): Implemented 10 input pins
    Info (21059): Implemented 52 output pins
    Info (21061): Implemented 18 logic cells
Info: Quartus Prime Analysis & Synthesis was successful. 0 errors, 13 warnings
    Info: Peak virtual memory: 760 megabytes
    Info: Processing ended: Thu Mar 29 18:20:26 2018
    Info: Elapsed time: 00:00:14
    Info: Total CPU time (on all processors): 00:00:26


