Assembler report for my_first_fpga
Thu Apr 12 20:41:07 2018
Quartus Prime Version 16.1.0 Build 196 10/24/2016 SJ Lite Edition


---------------------
; Table of Contents ;
---------------------
  1. Legal Notice
  2. Assembler Summary
  3. Assembler Settings
  4. Assembler Generated Files
  5. Assembler Device Options: F:/Homework/PSOC/Project3/Module3/files/Demonstrations/FPGA/my_first_fpga/my_first_fpga.sof
  6. Assembler Messages



----------------
; Legal Notice ;
----------------
Copyright (C) 2016  Intel Corporation. All rights reserved.
Your use of Intel Corporation's design tools, logic functions 
and other software and tools, and its AMPP partner logic 
functions, and any output files from any of the foregoing 
(including device programming or simulation files), and any 
associated documentation or information are expressly subject 
to the terms and conditions of the Intel Program License 
Subscription Agreement, the Intel Quartus Prime License Agreement,
the Intel MegaCore Function License Agreement, or other 
applicable license agreement, including, without limitation, 
that your use is for the sole purpose of programming logic 
devices manufactured by Intel and sold by Intel or its 
authorized distributors.  Please refer to the applicable 
agreement for further details.



+---------------------------------------------------------------+
; Assembler Summary                                             ;
+-----------------------+---------------------------------------+
; Assembler Status      ; Successful - Thu Apr 12 20:41:07 2018 ;
; Revision Name         ; my_first_fpga                         ;
; Top-level Entity Name ; my_first_fpga                         ;
; Family                ; Cyclone V                             ;
; Device                ; 5CSEMA5F31C6                          ;
+-----------------------+---------------------------------------+


+----------------------------------+
; Assembler Settings               ;
+--------+---------+---------------+
; Option ; Setting ; Default Value ;
+--------+---------+---------------+


+---------------------------------------------------------------------------------------------+
; Assembler Generated Files                                                                   ;
+---------------------------------------------------------------------------------------------+
; File Name                                                                                   ;
+---------------------------------------------------------------------------------------------+
; F:/Homework/PSOC/Project3/Module3/files/Demonstrations/FPGA/my_first_fpga/my_first_fpga.sof ;
+---------------------------------------------------------------------------------------------+


+-----------------------------------------------------------------------------------------------------------------------+
; Assembler Device Options: F:/Homework/PSOC/Project3/Module3/files/Demonstrations/FPGA/my_first_fpga/my_first_fpga.sof ;
+----------------+------------------------------------------------------------------------------------------------------+
; Option         ; Setting                                                                                              ;
+----------------+------------------------------------------------------------------------------------------------------+
; Device         ; 5CSEMA5F31C6                                                                                         ;
; JTAG usercode  ; 0x00AF8516                                                                                           ;
; Checksum       ; 0x00AF8516                                                                                           ;
+----------------+------------------------------------------------------------------------------------------------------+


+--------------------+
; Assembler Messages ;
+--------------------+
Info: *******************************************************************
Info: Running Quartus Prime Assembler
    Info: Version 16.1.0 Build 196 10/24/2016 SJ Lite Edition
    Info: Processing started: Thu Apr 12 20:40:57 2018
Info: Command: quartus_asm --read_settings_files=off --write_settings_files=off my_first_fpga -c my_first_fpga
Warning (125092): Tcl Script File pll1.qip not found
    Info (125063): set_global_assignment -name QIP_FILE pll1.qip
Warning (125092): Tcl Script File pll1.sip not found
    Info (125063): set_global_assignment -name SIP_FILE pll1.sip
Warning (18236): Number of processors has not been specified which may cause overloading on shared machines.  Set the global assignment NUM_PARALLEL_PROCESSORS in your QSF to an appropriate value for best performance.
Info (115030): Assembler is generating device programming files
Info: Quartus Prime Assembler was successful. 0 errors, 3 warnings
    Info: Peak virtual memory: 746 megabytes
    Info: Processing ended: Thu Apr 12 20:41:07 2018
    Info: Elapsed time: 00:00:10
    Info: Total CPU time (on all processors): 00:00:09


