Info: Starting: Create block symbol file (.bsf)
Info: qsys-generate F:\Homework\PSOC\Project3\M4new4\ADC.qsys --block-symbol-file --output-directory=F:\Homework\PSOC\Project3\M4new4\ADC --family="Cyclone V" --part=5CSEMA5F31C6
Progress: Loading M4new4/ADC.qsys
Progress: Reading input file
Progress: Adding adc_mega_0 [altera_up_avalon_adc_mega 16.1]
Progress: Parameterizing module adc_mega_0
Progress: Building connections
Progress: Parameterizing connections
Progress: Validating
Progress: Done reading input file
Info: qsys-generate succeeded.
Info: Finished: Create block symbol file (.bsf)
Info: 
Info: Starting: Create HDL design files for synthesis
Info: qsys-generate F:\Homework\PSOC\Project3\M4new4\ADC.qsys --synthesis=VERILOG --output-directory=F:\Homework\PSOC\Project3\M4new4\ADC\synthesis --family="Cyclone V" --part=5CSEMA5F31C6
Progress: Loading M4new4/ADC.qsys
Progress: Reading input file
Progress: Adding adc_mega_0 [altera_up_avalon_adc_mega 16.1]
Progress: Parameterizing module adc_mega_0
Progress: Building connections
Progress: Parameterizing connections
Progress: Validating
Progress: Done reading input file
Info: ADC: Generating ADC "ADC" for QUARTUS_SYNTH
Info: adc_mega_0: Starting Generation of ADC Controller for DE-series Board
Info: adc_mega_0: C:/intelfpga_lite/16.1/ip/altera/university_program/input_output/altera_up_avalon_adc/hdl/altera_up_avalon_adv_adc.v C:/Users/Vikra/AppData/Local/Temp/alt7648_6995377968865962347.dir/0001_sopcgen/ADC_adc_mega_0.v
Info: adc_mega_0: "ADC" instantiated altera_up_avalon_adc_mega "adc_mega_0"
Info: ADC: Done "ADC" with 2 modules, 3 files
Info: qsys-generate succeeded.
Info: Finished: Create HDL design files for synthesis
